2023-01-16 23:09:16.713 +07:00 [INF] Инициализация. Завершена успешно.
2023-01-16 23:09:16.730 +07:00 [INF] Application started. Press Ctrl+C to shut down.
2023-01-16 23:09:16.735 +07:00 [INF] Hosting environment: Development
2023-01-16 23:09:16.736 +07:00 [INF] Content root path: D:\SamplesProjC#\Astral\OsnovanieWebApp\KafkaToRabbitMq
2023-01-16 23:09:17.132 +07:00 [INF] Из кафки успешно считано: topic=CSharp_Topic, offset=5, key=15.01.2023 02:08:44.509, message={
  "UserId": 0,
  "UserName": "John",
  "Password": "Biden",
  "Age": 90
}

2023-01-16 23:09:18.151 +07:00 [INF] Из кафки успешно считано: topic=CSharp_Topic, offset=6, key=15.01.2023 02:09:03.640, message={
  "UserId": 0,
  "UserName": "John2",
  "Password": "Biden2",
  "Age": 90
}

2023-01-16 23:09:19.157 +07:00 [INF] Из кафки успешно считано: topic=CSharp_Topic, offset=7, key=15.01.2023 02:29:47.614, message={
  "UserId": 0,
  "UserName": "Ivan",
  "Password": "Putin",
  "Age": 60
}

2023-01-16 23:25:08.753 +07:00 [INF] Инициализация. Завершена успешно.
2023-01-16 23:25:09.779 +07:00 [INF] Application started. Press Ctrl+C to shut down.
2023-01-16 23:25:09.785 +07:00 [INF] Hosting environment: Development
2023-01-16 23:25:09.786 +07:00 [INF] Content root path: D:\SamplesProjC#\Astral\OsnovanieWebApp\KafkaToRabbitMq
2023-01-16 23:25:32.887 +07:00 [INF] Из кафки успешно считано: topic=CSharp_Topic, offset=5, key=15.01.2023 02:08:44.509, message={
  "UserId": 0,
  "UserName": "John",
  "Password": "Biden",
  "Age": 90
}

2023-01-16 23:25:34.932 +07:00 [INF] Из кафки успешно считано: topic=CSharp_Topic, offset=6, key=15.01.2023 02:09:03.640, message={
  "UserId": 0,
  "UserName": "John2",
  "Password": "Biden2",
  "Age": 90
}

2023-01-16 23:25:36.951 +07:00 [INF] Из кафки успешно считано: topic=CSharp_Topic, offset=7, key=15.01.2023 02:29:47.614, message={
  "UserId": 0,
  "UserName": "Ivan",
  "Password": "Putin",
  "Age": 60
}

2023-01-16 23:25:38.971 +07:00 [INF] Из кафки успешно считано: topic=CSharp_Topic, offset=8, key=16.01.2023 23:22:41.678, message={
  "UserId": 0,
  "UserName": "Vovan",
  "Password": "Vovan",
  "Age": 50
}

2023-01-16 23:25:40.987 +07:00 [INF] Из кафки успешно считано: topic=CSharp_Topic, offset=9, key=16.01.2023 23:22:59.624, message={
  "UserId": 0,
  "UserName": "Vovan2",
  "Password": "Vovan2",
  "Age": 50
}

2023-01-16 23:28:03.801 +07:00 [INF] Инициализация. Завершена успешно.
2023-01-16 23:28:04.826 +07:00 [INF] Application started. Press Ctrl+C to shut down.
2023-01-16 23:28:04.831 +07:00 [INF] Hosting environment: Development
2023-01-16 23:28:04.832 +07:00 [INF] Content root path: D:\SamplesProjC#\Astral\OsnovanieWebApp\KafkaToRabbitMq
2023-01-16 23:29:04.465 +07:00 [INF] Application is shutting down...
2023-01-16 23:33:44.738 +07:00 [INF] Инициализация успешно завершена.
2023-01-16 23:33:45.764 +07:00 [INF] Application started. Press Ctrl+C to shut down.
2023-01-16 23:33:45.770 +07:00 [INF] Hosting environment: Development
2023-01-16 23:33:45.771 +07:00 [INF] Content root path: D:\SamplesProjC#\Astral\OsnovanieWebApp\KafkaToRabbitMq
2023-01-16 23:33:54.910 +07:00 [INF] Application is shutting down...
2023-01-16 23:33:54.924 +07:00 [INF] stoppingToken.IsCancellationRequested = True
2023-01-16 23:35:46.409 +07:00 [INF] Инициализация успешно завершена.
2023-01-16 23:35:47.450 +07:00 [INF] Application started. Press Ctrl+C to shut down.
2023-01-16 23:35:47.456 +07:00 [INF] Hosting environment: Development
2023-01-16 23:35:47.458 +07:00 [INF] Content root path: D:\SamplesProjC#\Astral\OsnovanieWebApp\KafkaToRabbitMq
2023-01-16 23:35:56.468 +07:00 [INF] Инициализация успешно завершена.
2023-01-16 23:35:57.506 +07:00 [INF] Application started. Press Ctrl+C to shut down.
2023-01-16 23:35:57.512 +07:00 [INF] Hosting environment: Development
2023-01-16 23:35:57.513 +07:00 [INF] Content root path: D:\SamplesProjC#\Astral\OsnovanieWebApp\KafkaToRabbitMq
2023-01-16 23:36:08.312 +07:00 [INF] Application is shutting down...
2023-01-16 23:36:08.315 +07:00 [INF] Получена команда Stop. cancellationToken.IsCancellationRequested = False
2023-01-16 23:36:08.326 +07:00 [INF] stoppingToken.IsCancellationRequested = True
2023-02-04 01:20:18.606 +07:00 [INF] Инициализация успешно завершена.
2023-02-04 01:20:24.725 +07:00 [INF] Из кафки успешно считано: topic=CSharp_Topic, offset=10, key=04.02.2023 01:15:48.560, message={
  "UserId": 0,
  "UserName": "string",
  "Password": "string",
  "Age": 50
}

2023-02-04 01:20:24.757 +07:00 [INF] Из кафки успешно считано: topic=CSharp_Topic, offset=11, key=04.02.2023 01:18:06.238, message={
  "UserId": 0,
  "UserName": "string",
  "Password": "string",
  "Age": 51
}

2023-02-04 01:21:05.150 +07:00 [INF] Из кафки успешно считано: topic=CSharp_Topic, offset=12, key=04.02.2023 01:21:04.352, message={
  "UserId": 0,
  "UserName": "string",
  "Password": "string",
  "Age": 20
}

2023-02-04 01:24:25.345 +07:00 [INF] Инициализация успешно завершена.
2023-02-04 01:28:43.813 +07:00 [INF] Инициализация успешно завершена.
2023-02-04 01:29:54.278 +07:00 [INF] Инициализация успешно завершена.
2023-02-04 01:31:56.229 +07:00 [INF] Инициализация успешно завершена.
2023-02-04 01:32:21.329 +07:00 [INF] Consumed message '{
  "UserId": 0,
  "UserName": "string",
  "Password": "string",
  "Age": 70
}' at: 'CSharp_Topic [[0]] @13'.
2023-02-04 01:32:21.331 +07:00 [INF] Из кафки успешно считано: topic=CSharp_Topic, offset=13, key=04.02.2023 01:31:05.909, message={
  "UserId": 0,
  "UserName": "string",
  "Password": "string",
  "Age": 70
}

2023-02-04 01:37:41.226 +07:00 [INF] Consumed message '{
  "UserId": 0,
  "UserName": "string",
  "Password": "string",
  "Age": 70
}' at: 'CSharp_Topic [[0]] @14'.
2023-02-04 01:37:41.233 +07:00 [INF] Из кафки успешно считано: topic=CSharp_Topic, offset=14, key=04.02.2023 01:32:59.363, message={
  "UserId": 0,
  "UserName": "string",
  "Password": "string",
  "Age": 70
}

2023-02-05 00:55:40.519 +07:00 [INF] Инициализация успешно завершена.
2023-02-05 01:38:37.214 +07:00 [INF] Инициализация успешно завершена.
2023-02-05 01:41:29.733 +07:00 [INF] Инициализация успешно завершена.
2023-02-05 01:44:14.221 +07:00 [INF] Инициализация успешно завершена.
2023-02-05 01:47:49.181 +07:00 [INF] Инициализация успешно завершена.
2023-02-05 01:57:19.883 +07:00 [INF] Инициализация успешно завершена.
2023-02-11 00:57:37.260 +07:00 [INF] Инициализация успешно завершена.
2023-02-11 00:57:39.313 +07:00 [ERR] Error Kafka consumer: 192.168.0.104:9092/bootstrap: Connect to ipv4#192.168.0.104:9092 failed: Unknown error (after 2054ms in state CONNECT)
2023-02-11 00:57:39.315 +07:00 [ERR] Error Kafka consumer: 1/1 brokers are down
2023-02-11 00:57:42.307 +07:00 [ERR] Error Kafka consumer: 192.168.0.104:9092/bootstrap: Connect to ipv4#192.168.0.104:9092 failed: Unknown error (after 2033ms in state CONNECT, 1 identical error(s) suppressed)
2023-02-11 00:58:12.488 +07:00 [ERR] Error Kafka consumer: 192.168.0.104:9092/bootstrap: Connect to ipv4#192.168.0.104:9092 failed: Unknown error (after 2043ms in state CONNECT, 10 identical error(s) suppressed)
2023-02-11 00:58:51.139 +07:00 [ERR] Error Kafka consumer: 192.168.0.104:9092/bootstrap: Connect to ipv4#192.168.0.104:9092 failed: Unknown error (after 2053ms in state CONNECT, 10 identical error(s) suppressed)
2023-02-11 00:59:14.532 +07:00 [ERR] Error Kafka consumer: 192.168.0.104:9092/bootstrap: Connect to ipv4#192.168.0.104:9092 failed: Unknown error (after 2038ms in state CONNECT, 10 identical error(s) suppressed)
2023-02-11 00:59:44.724 +07:00 [ERR] Error Kafka consumer: 192.168.0.104:9092/bootstrap: Connect to ipv4#192.168.0.104:9092 failed: Unknown error (after 2050ms in state CONNECT, 10 identical error(s) suppressed)
2023-02-11 01:03:47.322 +07:00 [INF] Инициализация успешно завершена.
2023-02-11 01:03:49.368 +07:00 [ERR] Error Kafka consumer: 192.168.0.104:9092/bootstrap: Connect to ipv4#192.168.0.104:9092 failed: Unknown error (after 2045ms in state CONNECT)
2023-02-11 01:03:49.370 +07:00 [ERR] Error Kafka consumer: 1/1 brokers are down
2023-02-11 01:03:52.390 +07:00 [ERR] Error Kafka consumer: 192.168.0.104:9092/bootstrap: Connect to ipv4#192.168.0.104:9092 failed: Unknown error (after 2040ms in state CONNECT, 1 identical error(s) suppressed)
2023-02-11 01:04:22.539 +07:00 [ERR] Error Kafka consumer: 192.168.0.104:9092/bootstrap: Connect to ipv4#192.168.0.104:9092 failed: Unknown error (after 2051ms in state CONNECT, 10 identical error(s) suppressed)
2023-02-11 01:04:52.750 +07:00 [ERR] Error Kafka consumer: 192.168.0.104:9092/bootstrap: Connect to ipv4#192.168.0.104:9092 failed: Unknown error (after 2061ms in state CONNECT, 10 identical error(s) suppressed)
2023-02-11 01:05:22.910 +07:00 [ERR] Error Kafka consumer: 192.168.0.104:9092/bootstrap: Connect to ipv4#192.168.0.104:9092 failed: Unknown error (after 2054ms in state CONNECT, 10 identical error(s) suppressed)
2023-02-11 01:05:54.548 +07:00 [ERR] Error Kafka consumer: 192.168.0.104:9092/bootstrap: Connect to ipv4#192.168.0.104:9092 failed: Unknown error (after 2444ms in state CONNECT, 8 identical error(s) suppressed)
2023-02-11 01:35:26.793 +07:00 [INF] Инициализация успешно завершена.
2023-03-18 12:48:17.477 +07:00 [INF] Инициализация успешно завершена.
2023-03-18 12:48:17.885 +07:00 [INF] Consumed message '{
  "TagName": "Qwerty",
  "TagValue": "string",
  "TagType": "string"
}' at: 'CSharp_Topic [[0]] @15'.
2023-03-18 12:48:17.887 +07:00 [INF] Из кафки успешно считано: topic=CSharp_Topic, offset=15, key=18.03.2023 00:23:20.908, message={
  "TagName": "Qwerty",
  "TagValue": "string",
  "TagType": "string"
}

2023-03-18 12:53:09.710 +07:00 [INF] Инициализация успешно завершена.
2023-03-18 12:55:18.101 +07:00 [INF] Инициализация успешно завершена.
2023-03-18 12:56:27.543 +07:00 [INF] Consumed message '{
  "TagName": "FloatTag",
  "TagValue": "678.9",
  "TagType": "float"
}' at: 'CSharp_Topic [[0]] @16'.
2023-03-18 12:56:27.544 +07:00 [INF] Из кафки успешно считано: topic=CSharp_Topic, offset=16, key=18.03.2023 12:56:20.487, message={
  "TagName": "FloatTag",
  "TagValue": "678.9",
  "TagType": "float"
}

2023-03-18 12:57:49.299 +07:00 [INF] Consumed message '{
  "TagName": "FloatTag",
  "TagValue": "678.9",
  "TagType": "float"
}' at: 'CSharp_Topic [[0]] @17'.
2023-03-18 12:57:49.301 +07:00 [INF] Из кафки успешно считано: topic=CSharp_Topic, offset=17, key=18.03.2023 12:57:38.223, message={
  "TagName": "FloatTag",
  "TagValue": "678.9",
  "TagType": "float"
}

2023-03-18 12:59:08.938 +07:00 [INF] Consumed message '{
  "TagName": "FloatTag",
  "TagValue": "678.9",
  "TagType": "float"
}' at: 'CSharp_Topic [[0]] @18'.
2023-03-18 12:59:08.940 +07:00 [INF] Из кафки успешно считано: topic=CSharp_Topic, offset=18, key=18.03.2023 12:58:29.744, message={
  "TagName": "FloatTag",
  "TagValue": "678.9",
  "TagType": "float"
}

2023-03-18 13:11:53.333 +07:00 [INF] Инициализация успешно завершена.
2023-03-18 13:20:38.410 +07:00 [INF] Инициализация успешно завершена.
2023-03-18 13:35:37.191 +07:00 [INF] Инициализация успешно завершена.
2023-03-18 13:35:37.216 +07:00 [INF] Consumed message '{
  "TagName": "Tag4",
  "TagValue": "string",
  "TagType": "string"
}' at: 'CSharp_Topic [[0]] @19'.
2023-03-18 13:35:37.218 +07:00 [INF] Из кафки успешно считано: topic=CSharp_Topic, offset=19, key=18.03.2023 13:24:19.535, message={
  "TagName": "Tag4",
  "TagValue": "string",
  "TagType": "string"
}

2023-03-18 13:35:37.232 +07:00 [INF] Consumed message '{
  "TagName": "Tag5",
  "TagValue": "string",
  "TagType": "string"
}' at: 'CSharp_Topic [[0]] @20'.
2023-03-18 13:35:37.233 +07:00 [INF] Из кафки успешно считано: topic=CSharp_Topic, offset=20, key=18.03.2023 13:25:44.033, message={
  "TagName": "Tag5",
  "TagValue": "string",
  "TagType": "string"
}

2023-03-18 13:35:37.238 +07:00 [INF] Consumed message '{
  "TagName": "Tag5",
  "TagValue": "rtyry",
  "TagType": "string"
}' at: 'CSharp_Topic [[0]] @21'.
2023-03-18 13:35:37.239 +07:00 [INF] Из кафки успешно считано: topic=CSharp_Topic, offset=21, key=18.03.2023 13:26:14.273, message={
  "TagName": "Tag5",
  "TagValue": "rtyry",
  "TagType": "string"
}

2023-03-18 13:36:18.391 +07:00 [INF] Consumed message '{
  "TagName": "Tag5",
  "TagValue": "234.7",
  "TagType": "string"
}' at: 'CSharp_Topic [[0]] @22'.
2023-03-18 13:36:18.398 +07:00 [INF] Из кафки успешно считано: topic=CSharp_Topic, offset=22, key=18.03.2023 13:36:17.389, message={
  "TagName": "Tag5",
  "TagValue": "234.7",
  "TagType": "string"
}

2023-03-18 18:21:18.051 +07:00 [INF] Инициализация успешно завершена.
2023-03-18 18:22:57.734 +07:00 [INF] Инициализация успешно завершена.
2023-03-18 18:34:19.094 +07:00 [INF] Инициализация успешно завершена.
2023-03-18 18:34:19.121 +07:00 [INF] Consumed message 'Test, Test' at: 'CSharp_Topic [[0]] @23'.
2023-03-18 18:34:19.122 +07:00 [INF] Из кафки успешно считано: topic=CSharp_Topic, offset=23, key=1, message=Test, Test

2023-03-18 18:37:11.312 +07:00 [INF] Инициализация успешно завершена.
2023-03-18 18:43:36.924 +07:00 [INF] Инициализация успешно завершена.
2023-03-18 18:43:36.942 +07:00 [INF] Consumed message '{
  "TagName": "Tag5",
  "TagValue": "333",
  "TagType": "string"
}' at: 'CSharp_Topic [[0]] @24'.
2023-03-18 18:43:36.943 +07:00 [INF] Из кафки успешно считано: topic=CSharp_Topic, offset=24, key=18.03.2023 18:37:45.244, message={
  "TagName": "Tag5",
  "TagValue": "333",
  "TagType": "string"
}

2023-03-18 18:43:36.956 +07:00 [INF] Consumed message '{
  "TagName": "Tag5",
  "TagValue": "333",
  "TagType": "string"
}' at: 'CSharp_Topic [[0]] @25'.
2023-03-18 18:43:36.958 +07:00 [INF] Из кафки успешно считано: topic=CSharp_Topic, offset=25, key=18.03.2023 18:40:22.803, message={
  "TagName": "Tag5",
  "TagValue": "333",
  "TagType": "string"
}

2023-03-18 18:44:35.711 +07:00 [INF] Consumed message '{
  "TagName": "sss",
  "TagValue": "string",
  "TagType": "string"
}' at: 'CSharp_Topic [[0]] @26'.
2023-03-18 18:44:35.717 +07:00 [INF] Из кафки успешно считано: topic=CSharp_Topic, offset=26, key=18.03.2023 18:44:34.703, message={
  "TagName": "sss",
  "TagValue": "string",
  "TagType": "string"
}

2023-03-18 18:46:29.960 +07:00 [INF] Consumed message '{
  "TagName": "sss",
  "TagValue": "string",
  "TagType": "string"
}' at: 'CSharp_Topic [[0]] @27'.
2023-03-18 18:46:29.962 +07:00 [INF] Из кафки успешно считано: topic=CSharp_Topic, offset=27, key=18.03.2023 18:46:28.960, message={
  "TagName": "sss",
  "TagValue": "string",
  "TagType": "string"
}

2023-04-03 00:54:35.401 +07:00 [INF] Инициализация успешно завершена.
2023-04-03 00:55:05.267 +07:00 [INF] Consumed message '{
  "TagName": "Tag1",
  "TagValue": "lkjlkj",
  "TagType": "string"
}' at: 'CSharp_Topic [[0]] @40'.
2023-04-03 00:55:05.268 +07:00 [INF] Из кафки успешно считано: topic=CSharp_Topic, offset=40, key=03.04.2023 00:55:04.230, message={
  "TagName": "Tag1",
  "TagValue": "lkjlkj",
  "TagType": "string"
}

2023-04-03 00:57:55.418 +07:00 [INF] Инициализация успешно завершена.
2023-04-03 00:57:55.453 +07:00 [INF] Consumed message '{
  "TagName": "Tag1",
  "TagValue": "ttttt",
  "TagType": "string"
}' at: 'CSharp_Topic [[0]] @41'.
2023-04-03 00:57:55.454 +07:00 [INF] Из кафки успешно считано: topic=CSharp_Topic, offset=41, key=03.04.2023 00:55:10.869, message={
  "TagName": "Tag1",
  "TagValue": "ttttt",
  "TagType": "string"
}

2023-04-03 00:57:55.470 +07:00 [INF] Consumed message '{
  "TagName": "Tag1",
  "TagValue": "kkkkk",
  "TagType": "string"
}' at: 'CSharp_Topic [[0]] @42'.
2023-04-03 00:57:55.470 +07:00 [INF] Из кафки успешно считано: topic=CSharp_Topic, offset=42, key=03.04.2023 00:55:31.865, message={
  "TagName": "Tag1",
  "TagValue": "kkkkk",
  "TagType": "string"
}

2023-04-03 00:58:23.465 +07:00 [INF] Consumed message '{
  "TagName": "Tag1",
  "TagValue": "99",
  "TagType": "int"
}' at: 'CSharp_Topic [[0]] @43'.
2023-04-03 00:58:23.467 +07:00 [INF] Из кафки успешно считано: topic=CSharp_Topic, offset=43, key=03.04.2023 00:58:22.453, message={
  "TagName": "Tag1",
  "TagValue": "99",
  "TagType": "int"
}

2023-04-03 00:58:29.333 +07:00 [INF] Consumed message '{
  "TagName": "Tag1",
  "TagValue": "4545",
  "TagType": "int"
}' at: 'CSharp_Topic [[0]] @44'.
2023-04-03 00:58:29.336 +07:00 [INF] Из кафки успешно считано: topic=CSharp_Topic, offset=44, key=03.04.2023 00:58:28.330, message={
  "TagName": "Tag1",
  "TagValue": "4545",
  "TagType": "int"
}

2023-04-03 01:08:58.247 +07:00 [INF] Инициализация успешно завершена.
2023-04-03 01:10:46.201 +07:00 [INF] Инициализация успешно завершена.
2023-04-03 01:11:11.847 +07:00 [INF] Consumed message '{
  "TagName": "Tag1",
  "TagValue": "qqqq",
  "TagType": "string"
}' at: 'CSharp_Topic [[0]] @45'.
2023-04-03 01:11:11.849 +07:00 [INF] Из кафки успешно считано: topic=CSharp_Topic, offset=45, key=03.04.2023 01:09:28.398, message={
  "TagName": "Tag1",
  "TagValue": "qqqq",
  "TagType": "string"
}

2023-04-03 01:11:11.861 +07:00 [INF] Consumed message '{
  "TagName": "Tag1",
  "TagValue": "rrrr",
  "TagType": "string"
}' at: 'CSharp_Topic [[0]] @46'.
2023-04-03 01:11:11.863 +07:00 [INF] Из кафки успешно считано: topic=CSharp_Topic, offset=46, key=03.04.2023 01:09:37.496, message={
  "TagName": "Tag1",
  "TagValue": "rrrr",
  "TagType": "string"
}

2023-04-03 01:12:11.982 +07:00 [INF] Consumed message '{
  "TagName": "Tag1",
  "TagValue": "uuuu",
  "TagType": "string"
}' at: 'CSharp_Topic [[0]] @47'.
2023-04-03 01:12:11.984 +07:00 [INF] Из кафки успешно считано: topic=CSharp_Topic, offset=47, key=03.04.2023 01:12:10.986, message={
  "TagName": "Tag1",
  "TagValue": "uuuu",
  "TagType": "string"
}

2023-04-03 01:16:10.422 +07:00 [INF] Инициализация успешно завершена.
2023-04-15 00:27:41.541 +07:00 [INF] Инициализация успешно завершена.
2023-04-15 00:29:35.181 +07:00 [INF] Consumed message '{
  "TagName": "Tag1",
  "TagValue": "qwerty",
  "TagType": "string"
}' at: 'CSharp_Topic [[0]] @51'.
2023-04-15 00:29:35.185 +07:00 [INF] Из кафки успешно считано: topic=CSharp_Topic, offset=51, key=15.04.2023 00:29:34.140, message={
  "TagName": "Tag1",
  "TagValue": "qwerty",
  "TagType": "string"
}

2023-04-15 00:35:25.716 +07:00 [INF] Инициализация успешно завершена.
2023-04-15 00:35:35.187 +07:00 [INF] Consumed message '{
  "TagName": "Tag1",
  "TagValue": "eterte",
  "TagType": "string"
}' at: 'CSharp_Topic [[0]] @52'.
2023-04-15 00:35:35.189 +07:00 [INF] Из кафки успешно считано: topic=CSharp_Topic, offset=52, key=15.04.2023 00:29:48.900, message={
  "TagName": "Tag1",
  "TagValue": "eterte",
  "TagType": "string"
}

2023-04-15 00:35:59.538 +07:00 [INF] Consumed message '{
  "TagName": "Tag2",
  "TagValue": "12",
  "TagType": "int"
}' at: 'CSharp_Topic [[0]] @53'.
2023-04-15 00:35:59.545 +07:00 [INF] Из кафки успешно считано: topic=CSharp_Topic, offset=53, key=15.04.2023 00:30:02.452, message={
  "TagName": "Tag2",
  "TagValue": "12",
  "TagType": "int"
}

2023-04-15 00:36:04.606 +07:00 [INF] Consumed message '{
  "TagName": "Tag2",
  "TagValue": "567",
  "TagType": "int"
}' at: 'CSharp_Topic [[0]] @54'.
2023-04-15 00:36:04.609 +07:00 [INF] Из кафки успешно считано: topic=CSharp_Topic, offset=54, key=15.04.2023 00:30:08.587, message={
  "TagName": "Tag2",
  "TagValue": "567",
  "TagType": "int"
}

2023-04-15 00:36:06.190 +07:00 [INF] Consumed message '{
  "TagName": "Tag2",
  "TagValue": "578",
  "TagType": "int"
}' at: 'CSharp_Topic [[0]] @55'.
2023-04-15 00:36:06.192 +07:00 [INF] Из кафки успешно считано: topic=CSharp_Topic, offset=55, key=15.04.2023 00:30:14.133, message={
  "TagName": "Tag2",
  "TagValue": "578",
  "TagType": "int"
}

2023-04-25 00:09:42.390 +07:00 [INF] Инициализация успешно завершена.
2023-04-25 00:10:08.494 +07:00 [INF] Consumed message '{
  "TagName": "Tag1",
  "TagValue": "100",
  "TagType": "int"
}' at: 'CSharp_Topic [[0]] @56'.
2023-04-25 00:10:08.496 +07:00 [INF] Из кафки успешно считано: topic=CSharp_Topic, offset=56, key=25.04.2023 00:10:07.469, message={
  "TagName": "Tag1",
  "TagValue": "100",
  "TagType": "int"
}

2023-04-25 00:10:16.452 +07:00 [INF] Consumed message '{
  "TagName": "Tag1",
  "TagValue": "100",
  "TagType": "int"
}' at: 'CSharp_Topic [[0]] @56'.
2023-04-25 00:10:16.453 +07:00 [INF] Из кафки успешно считано: topic=CSharp_Topic, offset=56, key=25.04.2023 00:10:07.469, message={
  "TagName": "Tag1",
  "TagValue": "100",
  "TagType": "int"
}

2023-04-25 00:10:34.062 +07:00 [INF] Consumed message '{
  "TagName": "Tag1",
  "TagValue": "101",
  "TagType": "int"
}' at: 'CSharp_Topic [[0]] @57'.
2023-04-25 00:10:34.064 +07:00 [INF] Из кафки успешно считано: topic=CSharp_Topic, offset=57, key=25.04.2023 00:10:33.046, message={
  "TagName": "Tag1",
  "TagValue": "101",
  "TagType": "int"
}

2023-04-25 00:19:08.184 +07:00 [INF] Consumed message '{
  "TagName": "Tag1",
  "TagValue": "200",
  "TagType": "int"
}' at: 'CSharp_Topic [[0]] @58'.
2023-04-25 00:19:08.187 +07:00 [INF] Из кафки успешно считано: topic=CSharp_Topic, offset=58, key=25.04.2023 00:10:45.511, message={
  "TagName": "Tag1",
  "TagValue": "200",
  "TagType": "int"
}

2023-04-25 00:19:08.191 +07:00 [INF] Consumed message '{
  "TagName": "Tag1",
  "TagValue": "200",
  "TagType": "int"
}' at: 'CSharp_Topic [[0]] @59'.
2023-04-25 00:19:08.192 +07:00 [INF] Из кафки успешно считано: topic=CSharp_Topic, offset=59, key=25.04.2023 00:10:55.861, message={
  "TagName": "Tag1",
  "TagValue": "200",
  "TagType": "int"
}

2023-04-25 00:19:08.196 +07:00 [INF] Consumed message '{
  "TagName": "Tag1",
  "TagValue": "300",
  "TagType": "int"
}' at: 'CSharp_Topic [[0]] @60'.
2023-04-25 00:19:08.198 +07:00 [INF] Из кафки успешно считано: topic=CSharp_Topic, offset=60, key=25.04.2023 00:11:12.219, message={
  "TagName": "Tag1",
  "TagValue": "300",
  "TagType": "int"
}

2023-04-25 00:19:08.202 +07:00 [INF] Consumed message '{
  "TagName": "Tag2",
  "TagValue": "qwerty",
  "TagType": "string"
}' at: 'CSharp_Topic [[0]] @61'.
2023-04-25 00:19:08.203 +07:00 [INF] Из кафки успешно считано: topic=CSharp_Topic, offset=61, key=25.04.2023 00:13:09.288, message={
  "TagName": "Tag2",
  "TagValue": "qwerty",
  "TagType": "string"
}

2023-04-25 00:55:03.915 +07:00 [INF] Инициализация успешно завершена.
2023-04-25 00:55:26.766 +07:00 [INF] Consumed message '{
  "TagName": "Tag1",
  "TagValue": "string",
  "TagType": "qweqweqwe"
}' at: 'CSharp_Topic [[0]] @62'.
2023-04-25 00:55:26.768 +07:00 [INF] Из кафки успешно считано: topic=CSharp_Topic, offset=62, key=25.04.2023 00:55:25.754, message={
  "TagName": "Tag1",
  "TagValue": "string",
  "TagType": "qweqweqwe"
}

2023-04-25 00:58:55.331 +07:00 [INF] Инициализация успешно завершена.
2023-04-25 00:58:58.538 +07:00 [INF] Consumed message '{
  "TagName": "Tag1",
  "TagValue": "string",
  "TagType": "ertert"
}' at: 'CSharp_Topic [[0]] @63'.
2023-04-25 00:58:58.539 +07:00 [INF] Из кафки успешно считано: topic=CSharp_Topic, offset=63, key=25.04.2023 00:55:34.756, message={
  "TagName": "Tag1",
  "TagValue": "string",
  "TagType": "ertert"
}

2023-04-25 00:59:09.557 +07:00 [INF] Consumed message '{
  "TagName": "Tag1",
  "TagValue": "string",
  "TagType": "wwwww"
}' at: 'CSharp_Topic [[0]] @64'.
2023-04-25 00:59:09.558 +07:00 [INF] Из кафки успешно считано: topic=CSharp_Topic, offset=64, key=25.04.2023 00:55:41.205, message={
  "TagName": "Tag1",
  "TagValue": "string",
  "TagType": "wwwww"
}

2023-04-25 00:59:20.908 +07:00 [INF] Consumed message '{
  "TagName": "Tag1",
  "TagValue": "string",
  "TagType": "uuuu"
}' at: 'CSharp_Topic [[0]] @65'.
2023-04-25 00:59:20.909 +07:00 [INF] Из кафки успешно считано: topic=CSharp_Topic, offset=65, key=25.04.2023 00:56:55.689, message={
  "TagName": "Tag1",
  "TagValue": "string",
  "TagType": "uuuu"
}

2023-04-25 01:03:14.656 +07:00 [INF] Инициализация успешно завершена.
2023-04-25 01:03:41.708 +07:00 [INF] Consumed message '{
  "TagName": "Tag1",
  "TagValue": "132",
  "TagType": "int"
}' at: 'CSharp_Topic [[0]] @66'.
2023-04-25 01:03:41.710 +07:00 [INF] Из кафки успешно считано: topic=CSharp_Topic, offset=66, key=25.04.2023 01:03:40.691, message={
  "TagName": "Tag1",
  "TagValue": "132",
  "TagType": "int"
}

2023-04-25 01:03:44.923 +07:00 [INF] Consumed message '{
  "TagName": "Tag1",
  "TagValue": "111",
  "TagType": "int"
}' at: 'CSharp_Topic [[0]] @67'.
2023-04-25 01:03:44.924 +07:00 [INF] Из кафки успешно считано: topic=CSharp_Topic, offset=67, key=25.04.2023 01:03:44.883, message={
  "TagName": "Tag1",
  "TagValue": "111",
  "TagType": "int"
}

2023-04-25 01:03:54.312 +07:00 [INF] Consumed message '{
  "TagName": "Tag1",
  "TagValue": "2342",
  "TagType": "int"
}' at: 'CSharp_Topic [[0]] @68'.
2023-04-25 01:03:54.314 +07:00 [INF] Из кафки успешно считано: topic=CSharp_Topic, offset=68, key=25.04.2023 01:03:53.302, message={
  "TagName": "Tag1",
  "TagValue": "2342",
  "TagType": "int"
}

2023-04-25 01:15:13.598 +07:00 [INF] Инициализация успешно завершена.
2023-04-25 01:15:13.615 +07:00 [INF] Application started. Press Ctrl+C to shut down.
2023-04-25 01:15:13.618 +07:00 [INF] Consumed message '{
  "TagName": "Tag1",
  "TagValue": "33",
  "TagType": "int"
}' at: 'CSharp_Topic [[0]] @69'.
2023-04-25 01:15:13.619 +07:00 [INF] Из кафки успешно считано: topic=CSharp_Topic, offset=69, key=25.04.2023 01:05:08.180, message={
  "TagName": "Tag1",
  "TagValue": "33",
  "TagType": "int"
}

2023-04-25 01:15:13.620 +07:00 [INF] Hosting environment: Development
2023-04-25 01:15:22.100 +07:00 [INF] Content root path: D:\SamplesProjC#\Astral\GitHub\OsnovanieWebApp\KafkaToRabbitMq
2023-04-25 01:15:22.113 +07:00 [INF] Consumed message '{
  "TagName": "Tag1",
  "TagValue": "36",
  "TagType": "int"
}' at: 'CSharp_Topic [[0]] @70'.
2023-04-25 01:15:22.114 +07:00 [INF] Из кафки успешно считано: topic=CSharp_Topic, offset=70, key=25.04.2023 01:05:12.951, message={
  "TagName": "Tag1",
  "TagValue": "36",
  "TagType": "int"
}

2023-04-25 01:22:29.175 +07:00 [INF] Инициализация успешно завершена.
2023-04-25 01:22:29.193 +07:00 [INF] Application started. Press Ctrl+C to shut down.
2023-04-25 01:22:48.969 +07:00 [INF] Consumed message '{
  "TagName": "T1",
  "TagValue": "qqq",
  "TagType": "string"
}' at: 'CSharp_Topic [[0]] @71'.
2023-04-25 01:22:48.975 +07:00 [INF] Hosting environment: Development
2023-04-25 01:22:48.975 +07:00 [INF] Из кафки успешно считано: topic=CSharp_Topic, offset=71, key=25.04.2023 01:16:19.614, message={
  "TagName": "T1",
  "TagValue": "qqq",
  "TagType": "string"
}

2023-04-25 01:22:48.977 +07:00 [INF] Content root path: D:\SamplesProjC#\Astral\GitHub\OsnovanieWebApp\KafkaToRabbitMq
2023-04-25 01:23:00.333 +07:00 [INF] Consumed message '{
  "TagName": "T1",
  "TagValue": "qqq",
  "TagType": "string"
}' at: 'CSharp_Topic [[0]] @72'.
2023-04-25 01:23:00.335 +07:00 [INF] Из кафки успешно считано: topic=CSharp_Topic, offset=72, key=25.04.2023 01:16:24.156, message={
  "TagName": "T1",
  "TagValue": "qqq",
  "TagType": "string"
}

2023-04-25 01:23:06.201 +07:00 [INF] Consumed message '{
  "TagName": "T1",
  "TagValue": "www",
  "TagType": "string"
}' at: 'CSharp_Topic [[0]] @73'.
2023-04-25 01:23:06.202 +07:00 [INF] Из кафки успешно считано: topic=CSharp_Topic, offset=73, key=25.04.2023 01:16:31.955, message={
  "TagName": "T1",
  "TagValue": "www",
  "TagType": "string"
}

2023-04-25 01:23:23.622 +07:00 [INF] Consumed message '{
  "TagName": "T1",
  "TagValue": "eeee",
  "TagType": "string"
}' at: 'CSharp_Topic [[0]] @74'.
2023-04-25 01:23:23.624 +07:00 [INF] Из кафки успешно считано: topic=CSharp_Topic, offset=74, key=25.04.2023 01:16:38.088, message={
  "TagName": "T1",
  "TagValue": "eeee",
  "TagType": "string"
}

2023-04-25 01:23:27.446 +07:00 [INF] Consumed message '{
  "TagName": "T1",
  "TagValue": "uuu",
  "TagType": "string"
}' at: 'CSharp_Topic [[0]] @75'.
2023-04-25 01:23:27.448 +07:00 [INF] Из кафки успешно считано: topic=CSharp_Topic, offset=75, key=25.04.2023 01:17:47.263, message={
  "TagName": "T1",
  "TagValue": "uuu",
  "TagType": "string"
}

2023-04-25 01:23:38.448 +07:00 [INF] Consumed message '{
  "TagName": "T1",
  "TagValue": "ttt",
  "TagType": "string"
}' at: 'CSharp_Topic [[0]] @76'.
2023-04-25 01:23:38.451 +07:00 [INF] Из кафки успешно считано: topic=CSharp_Topic, offset=76, key=25.04.2023 01:19:28.758, message={
  "TagName": "T1",
  "TagValue": "ttt",
  "TagType": "string"
}

2023-04-25 01:23:41.435 +07:00 [INF] Consumed message '{
  "TagName": "T1",
  "TagValue": "eeu",
  "TagType": "string"
}' at: 'CSharp_Topic [[0]] @77'.
2023-04-25 01:23:41.437 +07:00 [INF] Из кафки успешно считано: topic=CSharp_Topic, offset=77, key=25.04.2023 01:19:59.522, message={
  "TagName": "T1",
  "TagValue": "eeu",
  "TagType": "string"
}

2023-04-25 01:23:43.588 +07:00 [INF] Consumed message '{
  "TagName": "T1",
  "TagValue": "asd",
  "TagType": "string"
}' at: 'CSharp_Topic [[0]] @78'.
2023-04-25 01:23:43.591 +07:00 [INF] Из кафки успешно считано: topic=CSharp_Topic, offset=78, key=25.04.2023 01:20:17.756, message={
  "TagName": "T1",
  "TagValue": "asd",
  "TagType": "string"
}

